[2022-02-07 20:46:22.091] [exthost] [info] extension host started
[2022-02-07 20:46:22.117] [exthost] [info] ExtensionService#_doActivateExtension vscode.debug-auto-launch {"startup":true,"activationEvent":"*"}
[2022-02-07 20:46:22.118] [exthost] [info] ExtensionService#loadCommonJSModule /usr/share/code/resources/app/extensions/debug-auto-launch/dist/extension
[2022-02-07 20:46:22.326] [exthost] [info] ExtensionService#_doActivateExtension vscode.emmet {"startup":true,"activationEvent":"*"}
[2022-02-07 20:46:22.326] [exthost] [info] ExtensionService#loadCommonJSModule /usr/share/code/resources/app/extensions/emmet/dist/extension
[2022-02-07 20:46:22.441] [exthost] [info] ExtensionService#_doActivateExtension vscode.git {"startup":true,"activationEvent":"*"}
[2022-02-07 20:46:22.441] [exthost] [info] ExtensionService#loadCommonJSModule /usr/share/code/resources/app/extensions/git/dist/main
[2022-02-07 20:46:22.715] [exthost] [info] ExtensionService#_doActivateExtension vscode.merge-conflict {"startup":true,"activationEvent":"*"}
[2022-02-07 20:46:22.715] [exthost] [info] ExtensionService#loadCommonJSModule /usr/share/code/resources/app/extensions/merge-conflict/dist/extension
[2022-02-07 20:46:22.756] [exthost] [info] ExtensionService#_doActivateExtension christian-kohler.path-intellisense {"startup":true,"activationEvent":"*"}
[2022-02-07 20:46:22.756] [exthost] [info] ExtensionService#loadCommonJSModule /home/nayara/.vscode/extensions/christian-kohler.path-intellisense-1.4.2/out/src/extension
[2022-02-07 20:46:23.933] [exthost] [info] ExtensionService#_doActivateExtension dbaeumer.vscode-eslint {"startup":true,"activationEvent":"*"}
[2022-02-07 20:46:23.933] [exthost] [info] ExtensionService#loadCommonJSModule /home/nayara/.vscode/extensions/dbaeumer.vscode-eslint-1.9.1/client/out/extension
[2022-02-07 20:46:24.172] [exthost] [info] ExtensionService#_doActivateExtension formulahendry.auto-close-tag {"startup":true,"activationEvent":"*"}
[2022-02-07 20:46:24.172] [exthost] [info] ExtensionService#loadCommonJSModule /home/nayara/.vscode/extensions/formulahendry.auto-close-tag-0.5.10/out/src/extension
[2022-02-07 20:46:24.194] [exthost] [info] ExtensionService#_doActivateExtension formulahendry.auto-rename-tag {"startup":true,"activationEvent":"*"}
[2022-02-07 20:46:24.194] [exthost] [info] ExtensionService#loadCommonJSModule /home/nayara/.vscode/extensions/formulahendry.auto-rename-tag-0.1.1/out/src/extension
[2022-02-07 20:46:24.226] [exthost] [info] ExtensionService#_doActivateExtension ionutvmi.path-autocomplete {"startup":true,"activationEvent":"*"}
[2022-02-07 20:46:24.226] [exthost] [info] ExtensionService#loadCommonJSModule /home/nayara/.vscode/extensions/ionutvmi.path-autocomplete-1.17.1/out/src/extension
[2022-02-07 20:46:24.550] [exthost] [info] ExtensionService#_doActivateExtension kamikillerto.vscode-colorize {"startup":true,"activationEvent":"*"}
[2022-02-07 20:46:24.550] [exthost] [info] ExtensionService#loadCommonJSModule /home/nayara/.vscode/extensions/kamikillerto.vscode-colorize-0.8.13/out/src/extension
[2022-02-07 20:46:25.555] [exthost] [info] ExtensionService#_doActivateExtension ms-vsliveshare.vsliveshare {"startup":true,"activationEvent":"*"}
[2022-02-07 20:46:25.555] [exthost] [info] ExtensionService#loadCommonJSModule /home/nayara/.vscode/extensions/ms-vsliveshare.vsliveshare-1.0.1891/out/prod/extension-prod
[2022-02-07 20:46:31.857] [exthost] [info] eager extensions activated
[2022-02-07 20:47:03.434] [exthost] [info] ExtensionService#_doActivateExtension vscode.typescript-language-features {"startup":false,"activationEvent":"onLanguage:javascript"}
[2022-02-07 20:47:03.434] [exthost] [info] ExtensionService#loadCommonJSModule /usr/share/code/resources/app/extensions/typescript-language-features/dist/extension
[2022-02-07 20:47:03.863] [exthost] [info] ExtensionService#_doActivateExtension christian-kohler.npm-intellisense {"startup":false,"activationEvent":"onLanguage:javascript"}
[2022-02-07 20:47:03.863] [exthost] [info] ExtensionService#loadCommonJSModule /home/nayara/.vscode/extensions/christian-kohler.npm-intellisense-1.4.0/out/src/extension
[2022-02-07 20:47:06.148] [exthost] [info] ExtensionService#_doActivateExtension VisualStudioExptTeam.vscodeintellicode {"startup":false,"activationEvent":"onLanguage:javascript"}
[2022-02-07 20:47:06.148] [exthost] [info] ExtensionService#loadCommonJSModule /home/nayara/.vscode/extensions/visualstudioexptteam.vscodeintellicode-1.2.14/dist/intellicode
[2022-02-07 20:48:47.098] [exthost] [info] ExtensionService#_doActivateExtension vscode.extension-editing {"startup":false,"activationEvent":"onLanguage:typescript"}
[2022-02-07 20:48:47.098] [exthost] [info] ExtensionService#loadCommonJSModule /usr/share/code/resources/app/extensions/extension-editing/dist/extension
