[2022-01-19 01:18:59.108] [exthost] [info] extension host started
[2022-01-19 01:18:59.142] [exthost] [info] ExtensionService#_doActivateExtension vscode.debug-auto-launch {"startup":true,"activationEvent":"*"}
[2022-01-19 01:18:59.142] [exthost] [info] ExtensionService#loadCommonJSModule /usr/share/code/resources/app/extensions/debug-auto-launch/dist/extension
[2022-01-19 01:18:59.167] [exthost] [info] ExtensionService#_doActivateExtension vscode.emmet {"startup":true,"activationEvent":"*"}
[2022-01-19 01:18:59.167] [exthost] [info] ExtensionService#loadCommonJSModule /usr/share/code/resources/app/extensions/emmet/dist/extension
[2022-01-19 01:18:59.215] [exthost] [info] ExtensionService#_doActivateExtension vscode.git {"startup":true,"activationEvent":"*"}
[2022-01-19 01:18:59.215] [exthost] [info] ExtensionService#loadCommonJSModule /usr/share/code/resources/app/extensions/git/dist/main
[2022-01-19 01:18:59.436] [exthost] [info] ExtensionService#_doActivateExtension vscode.merge-conflict {"startup":true,"activationEvent":"*"}
[2022-01-19 01:18:59.436] [exthost] [info] ExtensionService#loadCommonJSModule /usr/share/code/resources/app/extensions/merge-conflict/dist/extension
[2022-01-19 01:18:59.447] [exthost] [info] ExtensionService#_doActivateExtension christian-kohler.path-intellisense {"startup":true,"activationEvent":"*"}
[2022-01-19 01:18:59.447] [exthost] [info] ExtensionService#loadCommonJSModule /home/nayara/.vscode/extensions/christian-kohler.path-intellisense-1.4.2/out/src/extension
[2022-01-19 01:18:59.729] [exthost] [info] ExtensionService#_doActivateExtension dbaeumer.vscode-eslint {"startup":true,"activationEvent":"*"}
[2022-01-19 01:18:59.729] [exthost] [info] ExtensionService#loadCommonJSModule /home/nayara/.vscode/extensions/dbaeumer.vscode-eslint-1.9.1/client/out/extension
[2022-01-19 01:18:59.803] [exthost] [info] ExtensionService#_doActivateExtension formulahendry.auto-close-tag {"startup":true,"activationEvent":"*"}
[2022-01-19 01:18:59.803] [exthost] [info] ExtensionService#loadCommonJSModule /home/nayara/.vscode/extensions/formulahendry.auto-close-tag-0.5.10/out/src/extension
[2022-01-19 01:18:59.824] [exthost] [info] ExtensionService#_doActivateExtension formulahendry.auto-rename-tag {"startup":true,"activationEvent":"*"}
[2022-01-19 01:18:59.825] [exthost] [info] ExtensionService#loadCommonJSModule /home/nayara/.vscode/extensions/formulahendry.auto-rename-tag-0.1.1/out/src/extension
[2022-01-19 01:18:59.867] [exthost] [info] ExtensionService#_doActivateExtension ionutvmi.path-autocomplete {"startup":true,"activationEvent":"*"}
[2022-01-19 01:18:59.867] [exthost] [info] ExtensionService#loadCommonJSModule /home/nayara/.vscode/extensions/ionutvmi.path-autocomplete-1.17.1/out/src/extension
[2022-01-19 01:19:00.024] [exthost] [info] ExtensionService#_doActivateExtension kamikillerto.vscode-colorize {"startup":true,"activationEvent":"*"}
[2022-01-19 01:19:00.024] [exthost] [info] ExtensionService#loadCommonJSModule /home/nayara/.vscode/extensions/kamikillerto.vscode-colorize-0.8.13/out/src/extension
[2022-01-19 01:19:03.019] [exthost] [info] ExtensionService#_doActivateExtension ms-vsliveshare.vsliveshare {"startup":true,"activationEvent":"*"}
[2022-01-19 01:19:03.019] [exthost] [info] ExtensionService#loadCommonJSModule /home/nayara/.vscode/extensions/ms-vsliveshare.vsliveshare-1.0.1891/out/prod/extension-prod
[2022-01-19 01:19:04.890] [exthost] [info] ExtensionService#_doActivateExtension vscode.typescript-language-features {"startup":false,"activationEvent":"onLanguage:javascript"}
[2022-01-19 01:19:04.890] [exthost] [info] ExtensionService#loadCommonJSModule /usr/share/code/resources/app/extensions/typescript-language-features/dist/extension
[2022-01-19 01:19:06.375] [exthost] [info] ExtensionService#_doActivateExtension christian-kohler.npm-intellisense {"startup":false,"activationEvent":"onLanguage:javascript"}
[2022-01-19 01:19:06.375] [exthost] [info] ExtensionService#loadCommonJSModule /home/nayara/.vscode/extensions/christian-kohler.npm-intellisense-1.4.0/out/src/extension
[2022-01-19 01:19:06.810] [exthost] [info] ExtensionService#_doActivateExtension VisualStudioExptTeam.vscodeintellicode {"startup":false,"activationEvent":"onLanguage:javascript"}
[2022-01-19 01:19:06.810] [exthost] [info] ExtensionService#loadCommonJSModule /home/nayara/.vscode/extensions/visualstudioexptteam.vscodeintellicode-1.2.14/dist/intellicode
[2022-01-19 01:19:11.049] [exthost] [info] eager extensions activated
[2022-01-19 01:20:30.017] [exthost] [info] ExtensionService#_doActivateExtension vscode.extension-editing {"startup":false,"activationEvent":"onLanguage:typescript"}
[2022-01-19 01:20:30.017] [exthost] [info] ExtensionService#loadCommonJSModule /usr/share/code/resources/app/extensions/extension-editing/dist/extension
