Looking for git in: git
Using git 2.7.4 from git
> git rev-parse --show-toplevel
> git rev-parse --git-dir
> git config --get commit.template
Open repository: /var/www/html/pistar
> git status -z -u
> git check-ignore -v -z --stdin
> git symbolic-ref --short HEAD
> git rev-parse fixColors
> git rev-parse --symbolic-full-name fixColors@{u}
> git rev-list --left-right fixColors...refs/remotes/origin/fixColors
> git for-each-ref --format %(refname) %(objectname) --sort -committerdate
> git remote --verbose
> git check-ignore -v -z --stdin
> git check-ignore -v -z --stdin
> git show :app/ui/pistar_logica_negocio.js
> git status -z -u
> git symbolic-ref --short HEAD
> git rev-parse fixColors
> git rev-parse --symbolic-full-name fixColors@{u}
> git rev-list --left-right fixColors...refs/remotes/origin/fixColors
> git for-each-ref --format %(refname) %(objectname) --sort -committerdate
> git remote --verbose
> git show :app/ui/pistar_logica_negocio.js
> git show :app/ui/ui.js
> git status -z -u
> git symbolic-ref --short HEAD
> git rev-parse fixColors
> git rev-parse --symbolic-full-name fixColors@{u}
> git rev-list --left-right fixColors...refs/remotes/origin/fixColors
> git for-each-ref --format %(refname) %(objectname) --sort -committerdate
> git remote --verbose
> git status -z -u
> git symbolic-ref --short HEAD
> git rev-parse fixColors
> git rev-parse --symbolic-full-name fixColors@{u}
> git rev-list --left-right fixColors...refs/remotes/origin/fixColors
> git for-each-ref --format %(refname) %(objectname) --sort -committerdate
> git remote --verbose
> git status -z -u
> git symbolic-ref --short HEAD
> git rev-parse fixColors
> git rev-parse --symbolic-full-name fixColors@{u}
> git show :app/ui/pistar_logica_negocio.js
> git rev-list --left-right fixColors...refs/remotes/origin/fixColors
> git for-each-ref --format %(refname) %(objectname) --sort -committerdate
> git remote --verbose
> git show :app/ui/pistar_plugin.js
> git show :app/ui/pistar_logica_negocio.js
> git show :app/ui/ui.js
> git show :app/ui/pistar_plugin.js
> git show :app/ui/ui.js
> git show :app/ui/pistar_plugin.js
> git show :app/ui/ui.js
> git status -z -u
> git symbolic-ref --short HEAD
> git rev-parse fixColors
> git rev-parse --symbolic-full-name fixColors@{u}
> git rev-list --left-right fixColors...refs/remotes/origin/fixColors
> git for-each-ref --format %(refname) %(objectname) --sort -committerdate
> git remote --verbose
> git status -z -u
> git symbolic-ref --short HEAD
> git rev-parse fixColors
> git rev-parse --symbolic-full-name fixColors@{u}
> git rev-list --left-right fixColors...refs/remotes/origin/fixColors
> git for-each-ref --format %(refname) %(objectname) --sort -committerdate
> git remote --verbose
> git status -z -u
> git symbolic-ref --short HEAD
> git rev-parse fixColors
> git rev-parse --symbolic-full-name fixColors@{u}
> git rev-list --left-right fixColors...refs/remotes/origin/fixColors
> git for-each-ref --format %(refname) %(objectname) --sort -committerdate
> git remote --verbose
> git status -z -u
> git symbolic-ref --short HEAD
> git rev-parse fixColors
> git rev-parse --symbolic-full-name fixColors@{u}
> git rev-list --left-right fixColors...refs/remotes/origin/fixColors
> git for-each-ref --format %(refname) %(objectname) --sort -committerdate
> git remote --verbose
> git status -z -u
> git symbolic-ref --short HEAD
> git rev-parse fixColors
> git rev-parse --symbolic-full-name fixColors@{u}
> git rev-list --left-right fixColors...refs/remotes/origin/fixColors
> git for-each-ref --format %(refname) %(objectname) --sort -committerdate
> git remote --verbose
> git show :app/ui/pistar_logica_negocio.js
> git status -z -u
> git symbolic-ref --short HEAD
> git rev-parse fixColors
> git rev-parse --symbolic-full-name fixColors@{u}
> git rev-list --left-right fixColors...refs/remotes/origin/fixColors
> git for-each-ref --format %(refname) %(objectname) --sort -committerdate
> git remote --verbose
> git show :app/ui/ui.js
> git status -z -u
> git symbolic-ref --short HEAD
> git rev-parse fixColors
> git rev-parse --symbolic-full-name fixColors@{u}
> git rev-list --left-right fixColors...refs/remotes/origin/fixColors
> git for-each-ref --format %(refname) %(objectname) --sort -committerdate
> git remote --verbose
> git show :app/ui/pistar_logica_negocio.js
> git status -z -u
> git symbolic-ref --short HEAD
> git rev-parse fixColors
> git rev-parse --symbolic-full-name fixColors@{u}
> git rev-list --left-right fixColors...refs/remotes/origin/fixColors
> git for-each-ref --format %(refname) %(objectname) --sort -committerdate
> git remote --verbose
> git status -z -u
> git symbolic-ref --short HEAD
> git rev-parse fixColors
> git rev-parse --symbolic-full-name fixColors@{u}
> git rev-list --left-right fixColors...refs/remotes/origin/fixColors
> git for-each-ref --format %(refname) %(objectname) --sort -committerdate
> git remote --verbose
> git status -z -u
> git symbolic-ref --short HEAD
> git rev-parse fixColors
> git rev-parse --symbolic-full-name fixColors@{u}
> git rev-list --left-right fixColors...refs/remotes/origin/fixColors
> git for-each-ref --format %(refname) %(objectname) --sort -committerdate
> git remote --verbose
> git show :app/ui/pistar_plugin.js
> git show :app/ui/ui.js
> git status -z -u
> git symbolic-ref --short HEAD
> git rev-parse fixColors
> git rev-parse --symbolic-full-name fixColors@{u}
> git rev-list --left-right fixColors...refs/remotes/origin/fixColors
> git for-each-ref --format %(refname) %(objectname) --sort -committerdate
> git remote --verbose
> git show :app/ui/pistar_logica_negocio.js
> git status -z -u
> git symbolic-ref --short HEAD
> git rev-parse fixColors
> git rev-parse --symbolic-full-name fixColors@{u}
> git rev-list --left-right fixColors...refs/remotes/origin/fixColors
> git for-each-ref --format %(refname) %(objectname) --sort -committerdate
> git remote --verbose
> git status -z -u
> git symbolic-ref --short HEAD
> git rev-parse fixColors
> git rev-parse --symbolic-full-name fixColors@{u}
> git rev-list --left-right fixColors...refs/remotes/origin/fixColors
> git for-each-ref --format %(refname) %(objectname) --sort -committerdate
> git remote --verbose
> git status -z -u
> git symbolic-ref --short HEAD
> git rev-parse fixColors
> git rev-parse --symbolic-full-name fixColors@{u}
> git rev-list --left-right fixColors...refs/remotes/origin/fixColors
> git for-each-ref --format %(refname) %(objectname) --sort -committerdate
> git remote --verbose
> git status -z -u
> git symbolic-ref --short HEAD
> git rev-parse fixColors
> git rev-parse --symbolic-full-name fixColors@{u}
> git rev-list --left-right fixColors...refs/remotes/origin/fixColors
> git for-each-ref --format %(refname) %(objectname) --sort -committerdate
> git remote --verbose
> git status -z -u
> git symbolic-ref --short HEAD
> git rev-parse fixColors
> git rev-parse --symbolic-full-name fixColors@{u}
> git rev-list --left-right fixColors...refs/remotes/origin/fixColors
> git for-each-ref --format %(refname) %(objectname) --sort -committerdate
> git remote --verbose
> git status -z -u
> git symbolic-ref --short HEAD
> git rev-parse fixColors
> git rev-parse --symbolic-full-name fixColors@{u}
> git rev-list --left-right fixColors...refs/remotes/origin/fixColors
> git for-each-ref --format %(refname) %(objectname) --sort -committerdate
> git remote --verbose
> git status -z -u
> git symbolic-ref --short HEAD
> git rev-parse fixColors
> git rev-parse --symbolic-full-name fixColors@{u}
> git rev-list --left-right fixColors...refs/remotes/origin/fixColors
> git for-each-ref --format %(refname) %(objectname) --sort -committerdate
> git remote --verbose
> git show :tool/app/ui/pistar_logica_negocio.js
> git check-ignore -v -z --stdin
> git show :app/ui/pistar_logica_negocio.js
> git status -z -u
> git symbolic-ref --short HEAD
> git rev-parse fixColors
> git rev-parse --symbolic-full-name fixColors@{u}
> git rev-list --left-right fixColors...refs/remotes/origin/fixColors
> git for-each-ref --format %(refname) %(objectname) --sort -committerdate
> git remote --verbose
> git status -z -u
> git symbolic-ref --short HEAD
> git rev-parse fixColors
> git rev-parse --symbolic-full-name fixColors@{u}
> git rev-list --left-right fixColors...refs/remotes/origin/fixColors
> git for-each-ref --format %(refname) %(objectname) --sort -committerdate
> git remote --verbose
> git status -z -u
> git symbolic-ref --short HEAD
> git rev-parse fixColors
> git rev-parse --symbolic-full-name fixColors@{u}
> git rev-list --left-right fixColors...refs/remotes/origin/fixColors
> git for-each-ref --format %(refname) %(objectname) --sort -committerdate
> git remote --verbose
> git status -z -u
> git symbolic-ref --short HEAD
> git rev-parse fixColors
> git rev-parse --symbolic-full-name fixColors@{u}
> git rev-list --left-right fixColors...refs/remotes/origin/fixColors
> git for-each-ref --format %(refname) %(objectname) --sort -committerdate
> git remote --verbose
> git status -z -u
> git symbolic-ref --short HEAD
> git rev-parse fixColors
> git rev-parse --symbolic-full-name fixColors@{u}
> git rev-list --left-right fixColors...refs/remotes/origin/fixColors
> git for-each-ref --format %(refname) %(objectname) --sort -committerdate
> git remote --verbose
> git status -z -u
> git symbolic-ref --short HEAD
> git rev-parse fixColors
> git rev-parse --symbolic-full-name fixColors@{u}
> git rev-list --left-right fixColors...refs/remotes/origin/fixColors
> git for-each-ref --format %(refname) %(objectname) --sort -committerdate
> git remote --verbose
> git status -z -u
> git symbolic-ref --short HEAD
> git rev-parse fixColors
> git rev-parse --symbolic-full-name fixColors@{u}
> git rev-list --left-right fixColors...refs/remotes/origin/fixColors
> git for-each-ref --format %(refname) %(objectname) --sort -committerdate
> git remote --verbose
> git status -z -u
> git symbolic-ref --short HEAD
> git rev-parse fixColors
> git rev-parse --symbolic-full-name fixColors@{u}
> git rev-list --left-right fixColors...refs/remotes/origin/fixColors
> git for-each-ref --format %(refname) %(objectname) --sort -committerdate
> git remote --verbose
> git status -z -u
> git symbolic-ref --short HEAD
> git rev-parse fixColors
> git rev-parse --symbolic-full-name fixColors@{u}
> git rev-list --left-right fixColors...refs/remotes/origin/fixColors
> git for-each-ref --format %(refname) %(objectname) --sort -committerdate
> git remote --verbose
> git status -z -u
> git symbolic-ref --short HEAD
> git rev-parse fixColors
> git rev-parse --symbolic-full-name fixColors@{u}
> git rev-list --left-right fixColors...refs/remotes/origin/fixColors
> git for-each-ref --format %(refname) %(objectname) --sort -committerdate
> git remote --verbose
